0 info it worked if it ends with ok
1 verbose cli [ '/usr/local/bin/node',
1 verbose cli   '/usr/local/bin/npm',
1 verbose cli   'install',
1 verbose cli   'request' ]
2 info using npm@1.4.28
3 info using node@v0.10.33
4 verbose cache add [ 'request', null ]
5 verbose cache add name=undefined spec="request" args=["request",null]
6 verbose parsed url { protocol: null,
6 verbose parsed url   slashes: null,
6 verbose parsed url   auth: null,
6 verbose parsed url   host: null,
6 verbose parsed url   port: null,
6 verbose parsed url   hostname: null,
6 verbose parsed url   hash: null,
6 verbose parsed url   search: null,
6 verbose parsed url   query: null,
6 verbose parsed url   pathname: 'request',
6 verbose parsed url   path: 'request',
6 verbose parsed url   href: 'request' }
7 silly lockFile 088e29b0-request request
8 verbose lock request /home/chen/.npm/088e29b0-request.lock
9 silly lockFile 088e29b0-request request
10 silly lockFile 088e29b0-request request
11 verbose addNamed [ 'request', '' ]
12 verbose addNamed [ null, '*' ]
13 silly lockFile 9d461bcf-request request@
14 verbose lock request@ /home/chen/.npm/9d461bcf-request.lock
15 silly addNameRange { name: 'request', range: '*', hasData: false }
16 verbose request where is /request
17 verbose request registry https://registry.npmjs.org/
18 verbose request id 10964c92569ad031
19 verbose url raw /request
20 verbose url resolving [ 'https://registry.npmjs.org/', './request' ]
21 verbose url resolved https://registry.npmjs.org/request
22 verbose request where is https://registry.npmjs.org/request
23 info trying registry request attempt 1 at 20:45:59
24 verbose etag "DHIMZ90CEFH5YEKG97XWEIMSP"
25 http GET https://registry.npmjs.org/request
26 http 304 https://registry.npmjs.org/request
27 silly registry.get cb [ 304,
27 silly registry.get   { date: 'Sat, 27 Dec 2014 04:45:59 GMT',
27 silly registry.get     server: 'Apache',
27 silly registry.get     via: '1.1 varnish',
27 silly registry.get     'last-modified': 'Sat, 27 Dec 2014 04:46:00 GMT',
27 silly registry.get     'cache-control': 'max-age=60',
27 silly registry.get     etag: '"DHIMZ90CEFH5YEKG97XWEIMSP"',
27 silly registry.get     age: '0',
27 silly registry.get     'x-served-by': 'cache-sjc3124-SJC',
27 silly registry.get     'x-cache': 'HIT',
27 silly registry.get     'x-cache-hits': '1',
27 silly registry.get     'x-timer': 'S1419655559.964271,VS0,VE99',
27 silly registry.get     vary: 'Accept',
27 silly registry.get     'content-length': '0',
27 silly registry.get     'keep-alive': 'timeout=10, max=50',
27 silly registry.get     connection: 'Keep-Alive' } ]
28 verbose etag https://registry.npmjs.org/request from cache
29 silly addNameRange number 2 { name: 'request', range: '*', hasData: true }
30 silly addNameRange versions [ 'request',
30 silly addNameRange   [ '0.10.0',
30 silly addNameRange     '0.8.3',
30 silly addNameRange     '0.9.0',
30 silly addNameRange     '0.9.1',
30 silly addNameRange     '0.9.5',
30 silly addNameRange     '1.0.0',
30 silly addNameRange     '1.1.0',
30 silly addNameRange     '1.1.1',
30 silly addNameRange     '1.2.0',
30 silly addNameRange     '1.9.0',
30 silly addNameRange     '1.9.1',
30 silly addNameRange     '1.9.2',
30 silly addNameRange     '1.9.3',
30 silly addNameRange     '1.9.5',
30 silly addNameRange     '1.9.7',
30 silly addNameRange     '1.9.8',
30 silly addNameRange     '1.9.9',
30 silly addNameRange     '2.0.0',
30 silly addNameRange     '2.0.1',
30 silly addNameRange     '2.0.2',
30 silly addNameRange     '2.0.3',
30 silly addNameRange     '2.0.4',
30 silly addNameRange     '2.0.5',
30 silly addNameRange     '2.1.0',
30 silly addNameRange     '2.1.1',
30 silly addNameRange     '2.2.0',
30 silly addNameRange     '2.2.5',
30 silly addNameRange     '2.2.6',
30 silly addNameRange     '2.2.9',
30 silly addNameRange     '2.9.0',
30 silly addNameRange     '2.9.1',
30 silly addNameRange     '2.9.2',
30 silly addNameRange     '2.9.3',
30 silly addNameRange     '2.9.100',
30 silly addNameRange     '2.9.150',
30 silly addNameRange     '2.9.151',
30 silly addNameRange     '2.9.152',
30 silly addNameRange     '2.9.153',
30 silly addNameRange     '2.9.200',
30 silly addNameRange     '2.9.201',
30 silly addNameRange     '2.9.202',
30 silly addNameRange     '2.9.203',
30 silly addNameRange     '2.10.0',
30 silly addNameRange     '2.11.0',
30 silly addNameRange     '2.11.1',
30 silly addNameRange     '2.11.2',
30 silly addNameRange     '2.11.3',
30 silly addNameRange     '2.11.4',
30 silly addNameRange     '2.12.0',
30 silly addNameRange     '2.14.0',
30 silly addNameRange     '2.16.0',
30 silly addNameRange     '2.16.2',
30 silly addNameRange     '2.16.4',
30 silly addNameRange     '2.16.6',
30 silly addNameRange     '2.18.0',
30 silly addNameRange     '2.19.0',
30 silly addNameRange     '2.20.0',
30 silly addNameRange     '2.21.0',
30 silly addNameRange     '2.22.0',
30 silly addNameRange     '2.23.0',
30 silly addNameRange     '2.24.0',
30 silly addNameRange     '2.25.0',
30 silly addNameRange     '2.26.0',
30 silly addNameRange     '2.27.0',
30 silly addNameRange     '2.28.0',
30 silly addNameRange     '2.29.0',
30 silly addNameRange     '2.30.0',
30 silly addNameRange     '2.31.0',
30 silly addNameRange     '2.32.0',
30 silly addNameRange     '2.33.0',
30 silly addNameRange     '2.34.0',
30 silly addNameRange     '2.35.0',
30 silly addNameRange     '2.36.0',
30 silly addNameRange     '2.37.0',
30 silly addNameRange     '2.38.0',
30 silly addNameRange     '2.39.0',
30 silly addNameRange     '2.40.0',
30 silly addNameRange     '2.41.0',
30 silly addNameRange     '2.42.0',
30 silly addNameRange     '2.43.0',
30 silly addNameRange     '2.44.0',
30 silly addNameRange     '2.45.0',
30 silly addNameRange     '2.46.0',
30 silly addNameRange     '2.47.0',
30 silly addNameRange     '2.48.0',
30 silly addNameRange     '2.49.0',
30 silly addNameRange     '2.50.0',
30 silly addNameRange     '2.51.0' ] ]
31 verbose addNamed [ 'request', '2.51.0' ]
32 verbose addNamed [ '2.51.0', '2.51.0' ]
33 silly lockFile 85707acc-request-2-51-0 request@2.51.0
34 verbose lock request@2.51.0 /home/chen/.npm/85707acc-request-2-51-0.lock
35 silly lockFile fcfd6969-s-org-request-request-2-51-0-tgz https://registry.npmjs.org/request/-/request-2.51.0.tgz
36 verbose lock https://registry.npmjs.org/request/-/request-2.51.0.tgz /home/chen/.npm/fcfd6969-s-org-request-request-2-51-0-tgz.lock
37 verbose addRemoteTarball [ 'https://registry.npmjs.org/request/-/request-2.51.0.tgz',
37 verbose addRemoteTarball   '35d00bbecc012e55f907b1bd9e0dbd577bfef26e' ]
38 info retry fetch attempt 1 at 20:46:00
39 verbose fetch to= /tmp/npm-5411-wvxU08KF/registry.npmjs.org/request/-/request-2.51.0.tgz
40 http GET https://registry.npmjs.org/request/-/request-2.51.0.tgz
41 http 200 https://registry.npmjs.org/request/-/request-2.51.0.tgz
42 silly lockFile fcfd6969-s-org-request-request-2-51-0-tgz https://registry.npmjs.org/request/-/request-2.51.0.tgz
43 silly lockFile fcfd6969-s-org-request-request-2-51-0-tgz https://registry.npmjs.org/request/-/request-2.51.0.tgz
44 silly lockFile 85707acc-request-2-51-0 request@2.51.0
45 silly lockFile 85707acc-request-2-51-0 request@2.51.0
46 silly lockFile 9d461bcf-request request@
47 silly lockFile 9d461bcf-request request@
48 error Error: EACCES, mkdir '/home/chen/.npm/request/2.51.0'
48 error  { [Error: EACCES, mkdir '/home/chen/.npm/request/2.51.0']
48 error   errno: 3,
48 error   code: 'EACCES',
48 error   path: '/home/chen/.npm/request/2.51.0' }
49 error Please try running this command again as root/Administrator.
50 error System Linux 3.13.0-43-generic
51 error command "/usr/local/bin/node" "/usr/local/bin/npm" "install" "request"
52 error cwd /home/chen/Dropbox/Study/Nodejs/stream
53 error node -v v0.10.33
54 error npm -v 1.4.28
55 error path /home/chen/.npm/request/2.51.0
56 error code EACCES
57 error errno 3
58 error stack Error: EACCES, mkdir '/home/chen/.npm/request/2.51.0'
59 verbose exit [ 3, true ]
